<?xml version="1.0" encoding="UTF-8"?>
<!-- Generated by org.testng.reporters.JUnitReportReporter -->
<testsuite skipped="0" hostname="DESKTOP-4R46VFC" name="com.hrms.first.Ex2_Testng" tests="2" failures="0" timestamp="2021-06-18T17:54:38 IST" time="0.010" errors="0">
  <testcase name="addEmp" time="0.006" classname="com.hrms.first.Ex2_Testng"/>
  <system-out/>
  <testcase name="delEmp" time="0.004" classname="com.hrms.first.Ex2_Testng"/>
  <system-out/>
</testsuite> <!-- com.hrms.first.Ex2_Testng -->
