<?xml version="1.0" encoding="UTF-8"?>
<!-- Generated by org.testng.reporters.JUnitReportReporter -->
<testsuite skipped="0" hostname="DESKTOP-4R46VFC" name="com.hrms.first.Testng_Real_Ex1" tests="1" failures="0" timestamp="2021-06-24T10:39:18 IST" time="7.339" errors="0">
  <testcase name="openApplication" time="7.339" classname="com.hrms.first.Testng_Real_Ex1"/>
  <system-out/>
</testsuite> <!-- com.hrms.first.Testng_Real_Ex1 -->
