<?xml version="1.0" encoding="UTF-8"?>
<!-- Generated by org.testng.reporters.JUnitReportReporter -->
<testsuite skipped="0" hostname="DESKTOP-4R46VFC" name="com.hrms.first.Exp_Testng" tests="4" failures="0" timestamp="2021-06-18T17:46:38 IST" time="0.007" errors="0">
  <testcase name="addEmployee" time="0.004" classname="com.hrms.first.Exp_Testng"/>
  <system-out/>
  <testcase name="checkin" time="0.001" classname="com.hrms.first.Exp_Testng"/>
  <system-out/>
  <testcase name="checkout" time="0.001" classname="com.hrms.first.Exp_Testng"/>
  <system-out/>
  <testcase name="deleteEmployee" time="0.001" classname="com.hrms.first.Exp_Testng"/>
  <system-out/>
</testsuite> <!-- com.hrms.first.Exp_Testng -->
